28/02/2016 12:59:14 am:Loaded session id:tt3q82gd2kfj1192s7qj91hmi4
28/02/2016 12:59:14 am:Session with id:tt3q82gd2kfj1192s7qj91hmi4 got nonce:e1fb922b0b9b1e8951986dbad9dd6acc
28/02/2016 12:59:49 am:Loaded session id:tt3q82gd2kfj1192s7qj91hmi4
28/02/2016 01:00:13 am:Loaded session id:4jeb6asa7fl5vhddc1620mdlb3
28/02/2016 01:00:18 am:Loaded session id:p80c1ufilo9d78rnfsfn0h4r77
28/02/2016 01:00:19 am:Loaded session id:tt3q82gd2kfj1192s7qj91hmi4
28/02/2016 01:00:20 am:Loaded session id:tt3q82gd2kfj1192s7qj91hmi4
28/02/2016 01:04:52 am:Loaded session id:tt3q82gd2kfj1192s7qj91hmi4
28/02/2016 01:05:06 am:Loaded session id:tt3q82gd2kfj1192s7qj91hmi4
28/02/2016 01:05:28 am:Loaded session id:tt3q82gd2kfj1192s7qj91hmi4
28/02/2016 01:05:29 am:Loaded session id:tt3q82gd2kfj1192s7qj91hmi4
28/02/2016 01:05:29 am:Loaded session id:tt3q82gd2kfj1192s7qj91hmi4
28/02/2016 01:06:03 am:Loaded session id:tt3q82gd2kfj1192s7qj91hmi4
28/02/2016 01:06:59 am:Loaded session id:tt3q82gd2kfj1192s7qj91hmi4
28/02/2016 01:07:46 am:Loaded session id:tt3q82gd2kfj1192s7qj91hmi4
28/02/2016 01:17:02 am:Loaded session id:qq50s78i199apeap7n48frhff7
28/02/2016 01:17:02 am:Session with id:qq50s78i199apeap7n48frhff7 got nonce:292b27143e829862f114dbae5d4ad816
28/02/2016 01:17:03 am:Loaded session id:oge8v75mpuu944upii7rmenft4
28/02/2016 01:17:03 am:Session with id:oge8v75mpuu944upii7rmenft4 got nonce:ad01ce938566f7e90d977a18390bddcd
28/02/2016 01:17:31 am:Loaded session id:511gtl26oih2t0s4u3m0pb3hh1
28/02/2016 01:17:37 am:Loaded session id:oge8v75mpuu944upii7rmenft4
28/02/2016 01:17:37 am:Loaded session id:oge8v75mpuu944upii7rmenft4
28/02/2016 01:17:44 am:Loaded session id:oge8v75mpuu944upii7rmenft4
28/02/2016 01:26:15 am:Loaded session id:oge8v75mpuu944upii7rmenft4
28/02/2016 01:26:15 am:Session with id:oge8v75mpuu944upii7rmenft4 got nonce:2179875ec210aecc71c040ac4aafbc25
28/02/2016 01:27:04 am:Loaded session id:6ioomipvqcs5lelu7o0bbbhi54
28/02/2016 01:27:12 am:Loaded session id:oge8v75mpuu944upii7rmenft4
28/02/2016 01:27:12 am:Loaded session id:oge8v75mpuu944upii7rmenft4
28/02/2016 01:29:00 am:Loaded session id:oge8v75mpuu944upii7rmenft4
28/02/2016 01:30:43 am:Loaded session id:oge8v75mpuu944upii7rmenft4
28/02/2016 01:30:43 am:Loaded session id:oge8v75mpuu944upii7rmenft4
28/02/2016 01:30:43 am:Session with id:oge8v75mpuu944upii7rmenft4 got nonce:752640c254d73cfe5d8ad50d4c047b5a
28/02/2016 01:32:20 am:Loaded session id:oge8v75mpuu944upii7rmenft4
28/02/2016 01:32:50 am:Loaded session id:oge8v75mpuu944upii7rmenft4
28/02/2016 01:33:20 am:Loaded session id:oge8v75mpuu944upii7rmenft4
28/02/2016 01:33:50 am:Loaded session id:oge8v75mpuu944upii7rmenft4
28/02/2016 01:34:16 am:Loaded session id:oge8v75mpuu944upii7rmenft4
28/02/2016 01:34:16 am:Session with id:oge8v75mpuu944upii7rmenft4 got nonce:7aa42d35a0000b9f7710ab7b17fa8fc6
28/02/2016 01:34:35 am:Loaded session id:7s4u0d9h4j61o5q6n2rbg172p0
28/02/2016 01:34:47 am:Loaded session id:oge8v75mpuu944upii7rmenft4
28/02/2016 01:34:48 am:Loaded session id:oge8v75mpuu944upii7rmenft4
28/02/2016 01:35:04 am:Loaded session id:oge8v75mpuu944upii7rmenft4
28/02/2016 01:35:25 am:Loaded session id:oge8v75mpuu944upii7rmenft4
28/02/2016 01:35:25 am:Session with id:oge8v75mpuu944upii7rmenft4 got nonce:af34c896b240f971fcb3859ebee5fd92
28/02/2016 01:35:25 am:Loaded session id:oge8v75mpuu944upii7rmenft4
28/02/2016 01:35:25 am:Session with id:oge8v75mpuu944upii7rmenft4 got nonce:185ef7e3d722ab55b31a91f783a4d67e
28/02/2016 01:39:32 am:Loaded session id:1bd9hipcur92s8l95pvi7blmh0
28/02/2016 01:40:10 am:Session with id:1bd9hipcur92s8l95pvi7blmh0 got nonce:1fcbc078e5cb5c6169b34ddacc55a384
28/02/2016 01:41:00 am:Loaded session id:1bd9hipcur92s8l95pvi7blmh0
28/02/2016 01:41:04 am:Loaded session id:1bd9hipcur92s8l95pvi7blmh0
28/02/2016 01:41:50 am:Session with id:1bd9hipcur92s8l95pvi7blmh0 got nonce:5dd15c5b0873c39595f7a8a44a19f872
28/02/2016 01:41:56 am:Loaded session id:1bd9hipcur92s8l95pvi7blmh0
28/02/2016 01:42:00 am:Loaded session id:c7mbds6dedkos94krgke8lfq22
28/02/2016 01:42:04 am:Loaded session id:md6t6qk9ejed3c2ss637p4gq27
28/02/2016 01:42:46 am:Loaded session id:fbmoc26ned4gc426ogljgnbgl0
28/02/2016 01:42:51 am:Loaded session id:1bd9hipcur92s8l95pvi7blmh0
28/02/2016 01:43:11 am:Loaded session id:nji303t1bgav0f205olaeps0q3
28/02/2016 01:43:19 am:Loaded session id:1bd9hipcur92s8l95pvi7blmh0
28/02/2016 01:43:23 am:Loaded session id:0nn71hv9cqfoch2vrdu7p99a64
28/02/2016 01:43:28 am:Loaded session id:1bd9hipcur92s8l95pvi7blmh0
28/02/2016 01:44:08 am:Loaded session id:1bd9hipcur92s8l95pvi7blmh0
28/02/2016 02:24:41 am:Loaded session id:pkggb2u1ofpk42hjgkfjj5boi1
28/02/2016 02:24:41 am:Loaded session id:1bd9hipcur92s8l95pvi7blmh0
28/02/2016 02:24:41 am:Session with id:pkggb2u1ofpk42hjgkfjj5boi1 got nonce:be85aca2501fa3b482e6c93ef06b6df5
28/02/2016 02:25:14 am:Loaded session id:pkggb2u1ofpk42hjgkfjj5boi1
28/02/2016 02:25:46 am:Loaded session id:pkggb2u1ofpk42hjgkfjj5boi1
28/02/2016 02:26:16 am:Loaded session id:pkggb2u1ofpk42hjgkfjj5boi1
28/02/2016 02:26:46 am:Loaded session id:pkggb2u1ofpk42hjgkfjj5boi1
28/02/2016 02:27:16 am:Loaded session id:pkggb2u1ofpk42hjgkfjj5boi1
28/02/2016 02:27:45 am:Loaded session id:pkggb2u1ofpk42hjgkfjj5boi1
28/02/2016 02:27:45 am:Session with id:pkggb2u1ofpk42hjgkfjj5boi1 got nonce:863beed4a9ed29f3b36de8c45e5c1179
28/02/2016 02:27:46 am:Loaded session id:pkggb2u1ofpk42hjgkfjj5boi1
28/02/2016 02:28:21 am:Loaded session id:pkggb2u1ofpk42hjgkfjj5boi1
28/02/2016 02:28:51 am:Loaded session id:pkggb2u1ofpk42hjgkfjj5boi1
28/02/2016 02:29:21 am:Loaded session id:pkggb2u1ofpk42hjgkfjj5boi1
28/02/2016 02:29:51 am:Loaded session id:pkggb2u1ofpk42hjgkfjj5boi1
28/02/2016 02:30:21 am:Loaded session id:pkggb2u1ofpk42hjgkfjj5boi1
28/02/2016 02:30:51 am:Loaded session id:pkggb2u1ofpk42hjgkfjj5boi1
28/02/2016 02:31:21 am:Loaded session id:pkggb2u1ofpk42hjgkfjj5boi1
28/02/2016 02:31:51 am:Loaded session id:pkggb2u1ofpk42hjgkfjj5boi1
28/02/2016 02:32:21 am:Loaded session id:pkggb2u1ofpk42hjgkfjj5boi1
28/02/2016 02:32:51 am:Loaded session id:pkggb2u1ofpk42hjgkfjj5boi1
28/02/2016 02:33:21 am:Loaded session id:pkggb2u1ofpk42hjgkfjj5boi1
28/02/2016 02:33:51 am:Loaded session id:pkggb2u1ofpk42hjgkfjj5boi1
28/02/2016 02:34:21 am:Loaded session id:pkggb2u1ofpk42hjgkfjj5boi1
28/02/2016 02:34:51 am:Loaded session id:pkggb2u1ofpk42hjgkfjj5boi1
28/02/2016 02:35:21 am:Loaded session id:pkggb2u1ofpk42hjgkfjj5boi1
28/02/2016 02:35:51 am:Loaded session id:pkggb2u1ofpk42hjgkfjj5boi1
28/02/2016 02:36:21 am:Loaded session id:pkggb2u1ofpk42hjgkfjj5boi1
28/02/2016 02:36:51 am:Loaded session id:pkggb2u1ofpk42hjgkfjj5boi1
28/02/2016 02:37:14 am:Loaded session id:m8tdrase6f5bk2m8h180o78s95
28/02/2016 02:37:14 am:Session with id:m8tdrase6f5bk2m8h180o78s95 got nonce:dcbdac417721dab401feabd75bd9df4f
28/02/2016 02:37:21 am:Loaded session id:pkggb2u1ofpk42hjgkfjj5boi1
28/02/2016 02:37:51 am:Loaded session id:pkggb2u1ofpk42hjgkfjj5boi1
28/02/2016 02:38:21 am:Loaded session id:pkggb2u1ofpk42hjgkfjj5boi1
28/02/2016 02:38:50 am:Loaded session id:m8tdrase6f5bk2m8h180o78s95
28/02/2016 02:38:51 am:Loaded session id:pkggb2u1ofpk42hjgkfjj5boi1
28/02/2016 02:39:20 am:Loaded session id:m8tdrase6f5bk2m8h180o78s95
28/02/2016 02:39:21 am:Loaded session id:pkggb2u1ofpk42hjgkfjj5boi1
28/02/2016 02:39:50 am:Loaded session id:m8tdrase6f5bk2m8h180o78s95
28/02/2016 02:39:51 am:Loaded session id:pkggb2u1ofpk42hjgkfjj5boi1
28/02/2016 02:40:20 am:Loaded session id:m8tdrase6f5bk2m8h180o78s95
28/02/2016 02:40:21 am:Loaded session id:pkggb2u1ofpk42hjgkfjj5boi1
28/02/2016 02:40:23 am:Loaded session id:og4olksgod2h3597co8b9mpdd7
28/02/2016 02:40:35 am:Loaded session id:54oj2tevv6mfc0dh5s74utsn54
28/02/2016 02:40:50 am:Loaded session id:m8tdrase6f5bk2m8h180o78s95
28/02/2016 02:40:51 am:Loaded session id:pkggb2u1ofpk42hjgkfjj5boi1
28/02/2016 02:41:20 am:Loaded session id:m8tdrase6f5bk2m8h180o78s95
28/02/2016 02:41:21 am:Loaded session id:pkggb2u1ofpk42hjgkfjj5boi1
28/02/2016 02:41:23 am:Loaded session id:m8tdrase6f5bk2m8h180o78s95
28/02/2016 02:41:23 am:Session with id:m8tdrase6f5bk2m8h180o78s95 got nonce:1e91442807590c47227e8fac7b559c33
28/02/2016 02:41:51 am:Loaded session id:pkggb2u1ofpk42hjgkfjj5boi1
28/02/2016 02:42:08 am:Loaded session id:mo6lut0t3f580qq51v42jijm95
28/02/2016 02:42:14 am:Loaded session id:m8tdrase6f5bk2m8h180o78s95
28/02/2016 02:42:16 am:Loaded session id:m8tdrase6f5bk2m8h180o78s95
28/02/2016 02:42:23 am:Loaded session id:pkggb2u1ofpk42hjgkfjj5boi1
28/02/2016 02:42:31 am:Loaded session id:m8tdrase6f5bk2m8h180o78s95
28/02/2016 02:42:51 am:Loaded session id:pkggb2u1ofpk42hjgkfjj5boi1
28/02/2016 02:43:21 am:Loaded session id:pkggb2u1ofpk42hjgkfjj5boi1
